<?xml version="1.0" encoding="UTF-8"?>
<!-- Generated by org.testng.reporters.JUnitReportReporter -->
<testsuite hostname="DESKTOP-K0ITVV0" failures="0" tests="1" name="contact.com.CreateLeadTest" time="0.014" errors="0" timestamp="2022-04-30T11:39:55 IST" skipped="0">
  <testcase classname="contact.com.CreateLeadTest" name="createLeadOrg" time="0.014"/>
  <system-out/>
</testsuite> <!-- contact.com.CreateLeadTest -->
